
< 17-09-18 09:12:59 >==============================================
Device is Inserted On Driver : [Hub1 Port7] [VER:0, SN:6&22245a72&0#{53]
   Begin the USB Task...
   Step 1 disable...
   Begin Step 2... Action: Write, Chip: RAM, Address: 0xF8002000, File: F:\work\item\7535\v023\program\Tools\G+CodePacker 1.0.9 Patch 001\USBMassProductionTool/code/gp15b_ispbin.bin
   Step 2 - Start Time : 2017/09/18 AM 09:13:01:947
   Step 2 - End Time : 2017/09/18 AM 09:13:01:947
   Step 2 ok! Spent Time: 0.0s
   Begin Step 3... Action: Jump to Function, Chip: RAM, Address: 0xF8002000
   Step 3 - Start Time : 2017/09/18 AM 09:13:01:947
   Step 3 - End Time : 2017/09/18 AM 09:13:01:947
   Step 3 ok! Spent Time: 0.0s
   Begin Step 4... Action: Erase, Chip: SPI Nor Flash, Address: 0x0000, Length: 40
   Step 4 - Start Time : 2017/09/18 AM 09:13:01:947
   Step 4 - End Time : 2017/09/18 AM 09:13:12:227
   Step 4 ok! Spent Time: 10.281s
   Begin Step 5... Action: Write, Chip: SPI Nor Flash, Address: 0x0000, File: F:\work\item\7535\v023\program\Tools/gpcv1248_spifc_pack_/cb_result.bin
   Step 5 - Start Time : 2017/09/18 AM 09:13:12:227
   Step 5 - End Time : 2017/09/18 AM 09:13:14:692
   Step 5 ok! Spent Time: 2.465s
   USB Task Finished! Spent Time: 12.746s
   Device is Pullouted.
